<?xml version="1.0" encoding="UTF-8"?>
<coverage generated="1494633392577" clover="3.2.0">
  <project timestamp="1494633392578" name="All files">
    <metrics statements="52" coveredstatements="36" conditionals="6" coveredconditionals="3" methods="23" coveredmethods="3" elements="81" coveredelements="42" complexity="0" loc="52" ncloc="52" packages="8" files="13" classes="13">
      <package name="pinkseed">
        <metrics statements="2" coveredstatements="2" conditionals="0" coveredconditionals="0" methods="2" coveredmethods="0"/>
        <file name="index.android.js" path="/Users/alisson/Fontes/pinkbit/pinkseed/index.android.js">
          <metrics statements="1" coveredstatements="1" conditionals="0" coveredconditionals="0" methods="1" coveredmethods="0"/>
          <line num="4" count="1" type="stmt"/>
        </file>
        <file name="index.ios.js" path="/Users/alisson/Fontes/pinkbit/pinkseed/index.ios.js">
          <metrics statements="1" coveredstatements="1" conditionals="0" coveredconditionals="0" methods="1" coveredmethods="0"/>
          <line num="4" count="1" type="stmt"/>
        </file>
      </package>
      <package name="pinkseed.App.Components">
        <metrics statements="11" coveredstatements="2" conditionals="0" coveredconditionals="0" methods="8" coveredmethods="0"/>
        <file name="Counter.js" path="/Users/alisson/Fontes/pinkbit/pinkseed/App/Components/Counter.js">
          <metrics statements="11" coveredstatements="2" conditionals="0" coveredconditionals="0" methods="8" coveredmethods="0"/>
          <line num="22" count="0" type="stmt"/>
          <line num="25" count="0" type="stmt"/>
          <line num="29" count="0" type="stmt"/>
          <line num="33" count="0" type="stmt"/>
          <line num="34" count="0" type="stmt"/>
          <line num="52" count="2" type="stmt"/>
          <line num="53" count="0" type="stmt"/>
          <line num="58" count="2" type="stmt"/>
          <line num="59" count="0" type="stmt"/>
          <line num="60" count="0" type="stmt"/>
          <line num="61" count="0" type="stmt"/>
        </file>
      </package>
      <package name="pinkseed.App.Components.Styles">
        <metrics statements="0" coveredstatements="0" conditionals="0" coveredconditionals="0" methods="0" coveredmethods="0"/>
        <file name="CounterStyles.js" path="/Users/alisson/Fontes/pinkbit/pinkseed/App/Components/Styles/CounterStyles.js">
          <metrics statements="0" coveredstatements="0" conditionals="0" coveredconditionals="0" methods="0" coveredmethods="0"/>
        </file>
      </package>
      <package name="pinkseed.App.Config">
        <metrics statements="1" coveredstatements="1" conditionals="0" coveredconditionals="0" methods="0" coveredmethods="0"/>
        <file name="index.js" path="/Users/alisson/Fontes/pinkbit/pinkseed/App/Config/index.js">
          <metrics statements="1" coveredstatements="1" conditionals="0" coveredconditionals="0" methods="0" coveredmethods="0"/>
          <line num="1" count="2" type="stmt"/>
        </file>
      </package>
      <package name="pinkseed.App.Containers">
        <metrics statements="3" coveredstatements="2" conditionals="0" coveredconditionals="0" methods="1" coveredmethods="0"/>
        <file name="App.js" path="/Users/alisson/Fontes/pinkbit/pinkseed/App/Containers/App.js">
          <metrics statements="3" coveredstatements="2" conditionals="0" coveredconditionals="0" methods="1" coveredmethods="0"/>
          <line num="17" count="2" type="stmt"/>
          <line num="19" count="2" type="stmt"/>
          <line num="23" count="0" type="stmt"/>
        </file>
      </package>
      <package name="pinkseed.App.Redux">
        <metrics statements="31" coveredstatements="26" conditionals="0" coveredconditionals="0" methods="10" coveredmethods="2"/>
        <file name="CreateStore.js" path="/Users/alisson/Fontes/pinkbit/pinkseed/App/Redux/CreateStore.js">
          <metrics statements="8" coveredstatements="8" conditionals="0" coveredconditionals="0" methods="1" coveredmethods="1"/>
          <line num="10" count="2" type="stmt"/>
          <line num="11" count="2" type="stmt"/>
          <line num="15" count="2" type="stmt"/>
          <line num="16" count="2" type="stmt"/>
          <line num="20" count="2" type="stmt"/>
          <line num="22" count="2" type="stmt"/>
          <line num="25" count="2" type="stmt"/>
          <line num="27" count="2" type="stmt"/>
        </file>
        <file name="LoginRedux.js" path="/Users/alisson/Fontes/pinkbit/pinkseed/App/Redux/LoginRedux.js">
          <metrics statements="11" coveredstatements="9" conditionals="0" coveredconditionals="0" methods="5" coveredmethods="0"/>
          <line num="6" count="2" type="stmt"/>
          <line num="13" count="2" type="stmt"/>
          <line num="18" count="2" type="stmt"/>
          <line num="26" count="2" type="stmt"/>
          <line num="28" count="2" type="stmt"/>
          <line num="29" count="0" type="stmt"/>
          <line num="31" count="2" type="stmt"/>
          <line num="32" count="0" type="stmt"/>
          <line num="34" count="2" type="stmt"/>
          <line num="39" count="2" type="stmt"/>
          <line num="49" count="2" type="stmt"/>
        </file>
        <file name="ReduxSample.js" path="/Users/alisson/Fontes/pinkbit/pinkseed/App/Redux/ReduxSample.js">
          <metrics statements="10" coveredstatements="7" conditionals="0" coveredconditionals="0" methods="3" coveredmethods="0"/>
          <line num="5" count="2" type="stmt"/>
          <line num="11" count="2" type="stmt"/>
          <line num="14" count="2" type="stmt"/>
          <line num="19" count="2" type="stmt"/>
          <line num="20" count="0" type="stmt"/>
          <line num="22" count="2" type="stmt"/>
          <line num="23" count="0" type="stmt"/>
          <line num="25" count="2" type="stmt"/>
          <line num="26" count="0" type="stmt"/>
          <line num="28" count="2" type="stmt"/>
        </file>
        <file name="index.js" path="/Users/alisson/Fontes/pinkbit/pinkseed/App/Redux/index.js">
          <metrics statements="2" coveredstatements="2" conditionals="0" coveredconditionals="0" methods="1" coveredmethods="1"/>
          <line num="7" count="2" type="stmt"/>
          <line num="12" count="2" type="stmt"/>
        </file>
      </package>
      <package name="pinkseed.App.Sagas">
        <metrics statements="2" coveredstatements="1" conditionals="0" coveredconditionals="0" methods="2" coveredmethods="1"/>
        <file name="SampleSagas.js" path="/Users/alisson/Fontes/pinkbit/pinkseed/App/Sagas/SampleSagas.js">
          <metrics statements="1" coveredstatements="0" conditionals="0" coveredconditionals="0" methods="1" coveredmethods="0"/>
          <line num="5" count="0" type="stmt"/>
        </file>
        <file name="index.js" path="/Users/alisson/Fontes/pinkbit/pinkseed/App/Sagas/index.js">
          <metrics statements="1" coveredstatements="1" conditionals="0" coveredconditionals="0" methods="1" coveredmethods="1"/>
          <line num="20" count="2" type="stmt"/>
        </file>
      </package>
      <package name="pinkseed.App.Theme">
        <metrics statements="2" coveredstatements="2" conditionals="6" coveredconditionals="3" methods="0" coveredmethods="0"/>
        <file name="Metrics.js" path="/Users/alisson/Fontes/pinkbit/pinkseed/App/Theme/Metrics.js">
          <metrics statements="2" coveredstatements="2" conditionals="6" coveredconditionals="3" methods="0" coveredmethods="0"/>
          <line num="3" count="2" type="stmt"/>
          <line num="6" count="2" type="stmt"/>
        </file>
      </package>
    </metrics>
  </project>
</coverage>
