{"/Users/alisson/Fontes/pinkbit/pinkseed/index.android.js": {"path":"/Users/alisson/Fontes/pinkbit/pinkseed/index.android.js","statementMap":{"0":{"start":{"line":4,"column":0},"end":{"line":4,"column":53}},"1":{"start":{"line":4,"column":48},"end":{"line":4,"column":51}}},"fnMap":{"0":{"name":"(anonymous_0)","decl":{"start":{"line":4,"column":42},"end":{"line":4,"column":43}},"loc":{"start":{"line":4,"column":48},"end":{"line":4,"column":51}},"line":4}},"branchMap":{},"s":{"0":1,"1":0},"f":{"0":0},"b":{},"_coverageSchema":"332fd63041d2c1bcb487cc26dd0d5f7d97098a6c","hash":"7410e60312cfe52b497ca3223f9650de154e06ae"}
,"/Users/alisson/Fontes/pinkbit/pinkseed/index.ios.js": {"path":"/Users/alisson/Fontes/pinkbit/pinkseed/index.ios.js","statementMap":{"0":{"start":{"line":4,"column":0},"end":{"line":4,"column":53}},"1":{"start":{"line":4,"column":48},"end":{"line":4,"column":51}}},"fnMap":{"0":{"name":"(anonymous_0)","decl":{"start":{"line":4,"column":42},"end":{"line":4,"column":43}},"loc":{"start":{"line":4,"column":48},"end":{"line":4,"column":51}},"line":4}},"branchMap":{},"s":{"0":1,"1":0},"f":{"0":0},"b":{},"_coverageSchema":"332fd63041d2c1bcb487cc26dd0d5f7d97098a6c","hash":"a25f7494c0d0db7b3ae9c9fc37ea28612751aad8"}
,"/Users/alisson/Fontes/pinkbit/pinkseed/App/Components/Counter.js": {"path":"/Users/alisson/Fontes/pinkbit/pinkseed/App/Components/Counter.js","statementMap":{"0":{"start":{"line":22,"column":8},"end":{"line":22,"column":21}},"1":{"start":{"line":25,"column":8},"end":{"line":25,"column":31}},"2":{"start":{"line":29,"column":8},"end":{"line":29,"column":31}},"3":{"start":{"line":33,"column":35},"end":{"line":33,"column":45}},"4":{"start":{"line":34,"column":8},"end":{"line":48,"column":9}},"5":{"start":{"line":52,"column":24},"end":{"line":56,"column":1}},"6":{"start":{"line":53,"column":4},"end":{"line":55,"column":5}},"7":{"start":{"line":58,"column":27},"end":{"line":63,"column":1}},"8":{"start":{"line":59,"column":4},"end":{"line":62,"column":5}},"9":{"start":{"line":60,"column":28},"end":{"line":60,"column":63}},"10":{"start":{"line":61,"column":28},"end":{"line":61,"column":63}}},"fnMap":{"0":{"name":"(anonymous_0)","decl":{"start":{"line":21,"column":4},"end":{"line":21,"column":5}},"loc":{"start":{"line":21,"column":22},"end":{"line":23,"column":5}},"line":21},"1":{"name":"(anonymous_1)","decl":{"start":{"line":24,"column":27},"end":{"line":24,"column":28}},"loc":{"start":{"line":24,"column":33},"end":{"line":26,"column":5}},"line":24},"2":{"name":"(anonymous_2)","decl":{"start":{"line":28,"column":27},"end":{"line":28,"column":28}},"loc":{"start":{"line":28,"column":33},"end":{"line":30,"column":5}},"line":28},"3":{"name":"(anonymous_3)","decl":{"start":{"line":32,"column":4},"end":{"line":32,"column":5}},"loc":{"start":{"line":32,"column":14},"end":{"line":49,"column":5}},"line":32},"4":{"name":"(anonymous_4)","decl":{"start":{"line":52,"column":24},"end":{"line":52,"column":25}},"loc":{"start":{"line":52,"column":34},"end":{"line":56,"column":1}},"line":52},"5":{"name":"(anonymous_5)","decl":{"start":{"line":58,"column":27},"end":{"line":58,"column":28}},"loc":{"start":{"line":58,"column":40},"end":{"line":63,"column":1}},"line":58},"6":{"name":"(anonymous_6)","decl":{"start":{"line":60,"column":20},"end":{"line":60,"column":21}},"loc":{"start":{"line":60,"column":28},"end":{"line":60,"column":63}},"line":60},"7":{"name":"(anonymous_7)","decl":{"start":{"line":61,"column":20},"end":{"line":61,"column":21}},"loc":{"start":{"line":61,"column":28},"end":{"line":61,"column":63}},"line":61}},"branchMap":{},"s":{"0":0,"1":0,"2":0,"3":0,"4":0,"5":2,"6":0,"7":2,"8":0,"9":0,"10":0},"f":{"0":0,"1":0,"2":0,"3":0,"4":0,"5":0,"6":0,"7":0},"b":{},"_coverageSchema":"332fd63041d2c1bcb487cc26dd0d5f7d97098a6c","hash":"1c446691874f89f4ad07fc810273ac35a2994c2f"}
,"/Users/alisson/Fontes/pinkbit/pinkseed/App/Components/Styles/CounterStyles.js": {"path":"/Users/alisson/Fontes/pinkbit/pinkseed/App/Components/Styles/CounterStyles.js","statementMap":{},"fnMap":{},"branchMap":{},"s":{},"f":{},"b":{},"_coverageSchema":"332fd63041d2c1bcb487cc26dd0d5f7d97098a6c","hash":"979d311e922ba016705c9a99e4e35b76b86e0692"}
,"/Users/alisson/Fontes/pinkbit/pinkseed/App/Config/index.js": {"path":"/Users/alisson/Fontes/pinkbit/pinkseed/App/Config/index.js","statementMap":{"0":{"start":{"line":1,"column":0},"end":{"line":1,"column":14}}},"fnMap":{},"branchMap":{},"s":{"0":2},"f":{},"b":{},"_coverageSchema":"332fd63041d2c1bcb487cc26dd0d5f7d97098a6c","hash":"5c411d4308c819fa8a6a640f3019841e6d942f35"}
,"/Users/alisson/Fontes/pinkbit/pinkseed/App/Containers/App.js": {"path":"/Users/alisson/Fontes/pinkbit/pinkseed/App/Containers/App.js","statementMap":{"0":{"start":{"line":17,"column":14},"end":{"line":17,"column":27}},"1":{"start":{"line":19,"column":0},"end":{"line":19,"column":29}},"2":{"start":{"line":23,"column":8},"end":{"line":29,"column":9}}},"fnMap":{"0":{"name":"(anonymous_0)","decl":{"start":{"line":22,"column":4},"end":{"line":22,"column":5}},"loc":{"start":{"line":22,"column":14},"end":{"line":30,"column":5}},"line":22}},"branchMap":{},"s":{"0":2,"1":2,"2":0},"f":{"0":0},"b":{},"_coverageSchema":"332fd63041d2c1bcb487cc26dd0d5f7d97098a6c","hash":"1fa1ee95e80b6727ee7249c5c4fe0b63d274554f"}
,"/Users/alisson/Fontes/pinkbit/pinkseed/App/Redux/CreateStore.js": {"path":"/Users/alisson/Fontes/pinkbit/pinkseed/App/Redux/CreateStore.js","statementMap":{"0":{"start":{"line":10,"column":23},"end":{"line":10,"column":25}},"1":{"start":{"line":11,"column":22},"end":{"line":11,"column":24}},"2":{"start":{"line":15,"column":27},"end":{"line":15,"column":49}},"3":{"start":{"line":16,"column":4},"end":{"line":16,"column":36}},"4":{"start":{"line":20,"column":4},"end":{"line":20,"column":51}},"5":{"start":{"line":22,"column":18},"end":{"line":22,"column":65}},"6":{"start":{"line":25,"column":4},"end":{"line":25,"column":32}},"7":{"start":{"line":27,"column":4},"end":{"line":27,"column":16}}},"fnMap":{"0":{"name":"(anonymous_0)","decl":{"start":{"line":6,"column":15},"end":{"line":6,"column":16}},"loc":{"start":{"line":6,"column":42},"end":{"line":28,"column":1}},"line":6}},"branchMap":{},"s":{"0":2,"1":2,"2":2,"3":2,"4":2,"5":2,"6":2,"7":2},"f":{"0":2},"b":{},"_coverageSchema":"332fd63041d2c1bcb487cc26dd0d5f7d97098a6c","hash":"5d745486dd5df0bdff204e572bc778c2ee26af62"}
,"/Users/alisson/Fontes/pinkbit/pinkseed/App/Redux/LoginRedux.js": {"path":"/Users/alisson/Fontes/pinkbit/pinkseed/App/Redux/LoginRedux.js","statementMap":{"0":{"start":{"line":6,"column":28},"end":{"line":11,"column":2}},"1":{"start":{"line":13,"column":26},"end":{"line":13,"column":31}},"2":{"start":{"line":18,"column":29},"end":{"line":22,"column":2}},"3":{"start":{"line":26,"column":23},"end":{"line":26,"column":63}},"4":{"start":{"line":26,"column":34},"end":{"line":26,"column":63}},"5":{"start":{"line":28,"column":23},"end":{"line":29,"column":57}},"6":{"start":{"line":29,"column":4},"end":{"line":29,"column":57}},"7":{"start":{"line":31,"column":23},"end":{"line":32,"column":42}},"8":{"start":{"line":32,"column":4},"end":{"line":32,"column":42}},"9":{"start":{"line":34,"column":22},"end":{"line":34,"column":46}},"10":{"start":{"line":34,"column":33},"end":{"line":34,"column":46}},"11":{"start":{"line":39,"column":23},"end":{"line":44,"column":2}},"12":{"start":{"line":49,"column":26},"end":{"line":49,"column":70}},"13":{"start":{"line":49,"column":42},"end":{"line":49,"column":70}}},"fnMap":{"0":{"name":"(anonymous_0)","decl":{"start":{"line":26,"column":23},"end":{"line":26,"column":24}},"loc":{"start":{"line":26,"column":34},"end":{"line":26,"column":63}},"line":26},"1":{"name":"(anonymous_1)","decl":{"start":{"line":28,"column":23},"end":{"line":28,"column":24}},"loc":{"start":{"line":29,"column":4},"end":{"line":29,"column":57}},"line":29},"2":{"name":"(anonymous_2)","decl":{"start":{"line":31,"column":23},"end":{"line":31,"column":24}},"loc":{"start":{"line":32,"column":4},"end":{"line":32,"column":42}},"line":32},"3":{"name":"(anonymous_3)","decl":{"start":{"line":34,"column":22},"end":{"line":34,"column":23}},"loc":{"start":{"line":34,"column":33},"end":{"line":34,"column":46}},"line":34},"4":{"name":"(anonymous_4)","decl":{"start":{"line":49,"column":26},"end":{"line":49,"column":27}},"loc":{"start":{"line":49,"column":42},"end":{"line":49,"column":70}},"line":49}},"branchMap":{},"s":{"0":2,"1":2,"2":2,"3":2,"4":0,"5":2,"6":0,"7":2,"8":0,"9":2,"10":0,"11":2,"12":2,"13":0},"f":{"0":0,"1":0,"2":0,"3":0,"4":0},"b":{},"_coverageSchema":"332fd63041d2c1bcb487cc26dd0d5f7d97098a6c","hash":"a00f35b7d9f43482c6d532e74b3daf7cc8575a43"}
,"/Users/alisson/Fontes/pinkbit/pinkseed/App/Redux/ReduxSample.js": {"path":"/Users/alisson/Fontes/pinkbit/pinkseed/App/Redux/ReduxSample.js","statementMap":{"0":{"start":{"line":5,"column":26},"end":{"line":9,"column":2}},"1":{"start":{"line":11,"column":32},"end":{"line":11,"column":37}},"2":{"start":{"line":14,"column":22},"end":{"line":17,"column":2}},"3":{"start":{"line":19,"column":26},"end":{"line":20,"column":33}},"4":{"start":{"line":20,"column":4},"end":{"line":20,"column":33}},"5":{"start":{"line":22,"column":25},"end":{"line":23,"column":45}},"6":{"start":{"line":23,"column":4},"end":{"line":23,"column":45}},"7":{"start":{"line":25,"column":25},"end":{"line":26,"column":44}},"8":{"start":{"line":26,"column":4},"end":{"line":26,"column":44}},"9":{"start":{"line":28,"column":23},"end":{"line":32,"column":2}}},"fnMap":{"0":{"name":"(anonymous_0)","decl":{"start":{"line":19,"column":26},"end":{"line":19,"column":27}},"loc":{"start":{"line":20,"column":4},"end":{"line":20,"column":33}},"line":20},"1":{"name":"(anonymous_1)","decl":{"start":{"line":22,"column":25},"end":{"line":22,"column":26}},"loc":{"start":{"line":23,"column":4},"end":{"line":23,"column":45}},"line":23},"2":{"name":"(anonymous_2)","decl":{"start":{"line":25,"column":25},"end":{"line":25,"column":26}},"loc":{"start":{"line":26,"column":4},"end":{"line":26,"column":44}},"line":26}},"branchMap":{},"s":{"0":2,"1":2,"2":2,"3":2,"4":0,"5":2,"6":0,"7":2,"8":0,"9":2},"f":{"0":0,"1":0,"2":0},"b":{},"_coverageSchema":"332fd63041d2c1bcb487cc26dd0d5f7d97098a6c","hash":"f296f5c19307b5a109373ccfd228a36ad92afe19"}
,"/Users/alisson/Fontes/pinkbit/pinkseed/App/Redux/index.js": {"path":"/Users/alisson/Fontes/pinkbit/pinkseed/App/Redux/index.js","statementMap":{"0":{"start":{"line":7,"column":24},"end":{"line":10,"column":6}},"1":{"start":{"line":12,"column":4},"end":{"line":12,"column":49}}},"fnMap":{"0":{"name":"(anonymous_0)","decl":{"start":{"line":5,"column":15},"end":{"line":5,"column":16}},"loc":{"start":{"line":5,"column":20},"end":{"line":13,"column":1}},"line":5}},"branchMap":{},"s":{"0":2,"1":2},"f":{"0":2},"b":{},"_coverageSchema":"332fd63041d2c1bcb487cc26dd0d5f7d97098a6c","hash":"d26bd273d3ec7d0a9e1b092ace961ad4846e145b"}
,"/Users/alisson/Fontes/pinkbit/pinkseed/App/Sagas/SampleSagas.js": {"path":"/Users/alisson/Fontes/pinkbit/pinkseed/App/Sagas/SampleSagas.js","statementMap":{"0":{"start":{"line":5,"column":4},"end":{"line":5,"column":36}}},"fnMap":{"0":{"name":"helloWorld","decl":{"start":{"line":3,"column":18},"end":{"line":3,"column":28}},"loc":{"start":{"line":3,"column":35},"end":{"line":7,"column":1}},"line":3}},"branchMap":{},"s":{"0":0},"f":{"0":0},"b":{},"_coverageSchema":"332fd63041d2c1bcb487cc26dd0d5f7d97098a6c","hash":"e28649273421b8f6208fb1a59e931cba14fd77eb"}
,"/Users/alisson/Fontes/pinkbit/pinkseed/App/Sagas/index.js": {"path":"/Users/alisson/Fontes/pinkbit/pinkseed/App/Sagas/index.js","statementMap":{"0":{"start":{"line":20,"column":2},"end":{"line":23,"column":3}}},"fnMap":{"0":{"name":"root","decl":{"start":{"line":19,"column":26},"end":{"line":19,"column":30}},"loc":{"start":{"line":19,"column":34},"end":{"line":24,"column":1}},"line":19}},"branchMap":{},"s":{"0":2},"f":{"0":2},"b":{},"_coverageSchema":"332fd63041d2c1bcb487cc26dd0d5f7d97098a6c","hash":"cd9360401ef7e9fa45f38c2c7f6c126869ba9f7f"}
,"/Users/alisson/Fontes/pinkbit/pinkseed/App/Theme/Metrics.js": {"path":"/Users/alisson/Fontes/pinkbit/pinkseed/App/Theme/Metrics.js","statementMap":{"0":{"start":{"line":3,"column":26},"end":{"line":3,"column":50}},"1":{"start":{"line":6,"column":16},"end":{"line":33,"column":1}}},"fnMap":{},"branchMap":{"0":{"loc":{"start":{"line":16,"column":15},"end":{"line":16,"column":46}},"type":"cond-expr","locations":[{"start":{"line":16,"column":32},"end":{"line":16,"column":37}},{"start":{"line":16,"column":40},"end":{"line":16,"column":46}}],"line":16},"1":{"loc":{"start":{"line":17,"column":16},"end":{"line":17,"column":47}},"type":"cond-expr","locations":[{"start":{"line":17,"column":33},"end":{"line":17,"column":39}},{"start":{"line":17,"column":42},"end":{"line":17,"column":47}}],"line":17},"2":{"loc":{"start":{"line":18,"column":16},"end":{"line":18,"column":49}},"type":"cond-expr","locations":[{"start":{"line":18,"column":42},"end":{"line":18,"column":44}},{"start":{"line":18,"column":47},"end":{"line":18,"column":49}}],"line":18}},"s":{"0":2,"1":2},"f":{},"b":{"0":[2,0],"1":[2,0],"2":[2,0]},"_coverageSchema":"332fd63041d2c1bcb487cc26dd0d5f7d97098a6c","hash":"a62749dc08447c87148de0c238805eef2d0f022d"}
}
