TN:
SF:/Users/alisson/Fontes/pinkbit/pinkseed/index.android.js
FN:4,(anonymous_0)
FNF:1
FNH:0
FNDA:0,(anonymous_0)
DA:4,1
LF:1
LH:1
BRF:0
BRH:0
end_of_record
TN:
SF:/Users/alisson/Fontes/pinkbit/pinkseed/index.ios.js
FN:4,(anonymous_0)
FNF:1
FNH:0
FNDA:0,(anonymous_0)
DA:4,1
LF:1
LH:1
BRF:0
BRH:0
end_of_record
TN:
SF:/Users/alisson/Fontes/pinkbit/pinkseed/App/Components/Counter.js
FN:21,(anonymous_0)
FN:24,(anonymous_1)
FN:28,(anonymous_2)
FN:32,(anonymous_3)
FN:52,(anonymous_4)
FN:58,(anonymous_5)
FN:60,(anonymous_6)
FN:61,(anonymous_7)
FNF:8
FNH:0
FNDA:0,(anonymous_0)
FNDA:0,(anonymous_1)
FNDA:0,(anonymous_2)
FNDA:0,(anonymous_3)
FNDA:0,(anonymous_4)
FNDA:0,(anonymous_5)
FNDA:0,(anonymous_6)
FNDA:0,(anonymous_7)
DA:22,0
DA:25,0
DA:29,0
DA:33,0
DA:34,0
DA:52,2
DA:53,0
DA:58,2
DA:59,0
DA:60,0
DA:61,0
LF:11
LH:2
BRF:0
BRH:0
end_of_record
TN:
SF:/Users/alisson/Fontes/pinkbit/pinkseed/App/Components/Styles/CounterStyles.js
FNF:0
FNH:0
LF:0
LH:0
BRF:0
BRH:0
end_of_record
TN:
SF:/Users/alisson/Fontes/pinkbit/pinkseed/App/Config/index.js
FNF:0
FNH:0
DA:1,2
LF:1
LH:1
BRF:0
BRH:0
end_of_record
TN:
SF:/Users/alisson/Fontes/pinkbit/pinkseed/App/Containers/App.js
FN:22,(anonymous_0)
FNF:1
FNH:0
FNDA:0,(anonymous_0)
DA:17,2
DA:19,2
DA:23,0
LF:3
LH:2
BRF:0
BRH:0
end_of_record
TN:
SF:/Users/alisson/Fontes/pinkbit/pinkseed/App/Redux/CreateStore.js
FN:6,(anonymous_0)
FNF:1
FNH:1
FNDA:2,(anonymous_0)
DA:10,2
DA:11,2
DA:15,2
DA:16,2
DA:20,2
DA:22,2
DA:25,2
DA:27,2
LF:8
LH:8
BRF:0
BRH:0
end_of_record
TN:
SF:/Users/alisson/Fontes/pinkbit/pinkseed/App/Redux/LoginRedux.js
FN:26,(anonymous_0)
FN:28,(anonymous_1)
FN:31,(anonymous_2)
FN:34,(anonymous_3)
FN:49,(anonymous_4)
FNF:5
FNH:0
FNDA:0,(anonymous_0)
FNDA:0,(anonymous_1)
FNDA:0,(anonymous_2)
FNDA:0,(anonymous_3)
FNDA:0,(anonymous_4)
DA:6,2
DA:13,2
DA:18,2
DA:26,2
DA:28,2
DA:29,0
DA:31,2
DA:32,0
DA:34,2
DA:39,2
DA:49,2
LF:11
LH:9
BRF:0
BRH:0
end_of_record
TN:
SF:/Users/alisson/Fontes/pinkbit/pinkseed/App/Redux/ReduxSample.js
FN:19,(anonymous_0)
FN:22,(anonymous_1)
FN:25,(anonymous_2)
FNF:3
FNH:0
FNDA:0,(anonymous_0)
FNDA:0,(anonymous_1)
FNDA:0,(anonymous_2)
DA:5,2
DA:11,2
DA:14,2
DA:19,2
DA:20,0
DA:22,2
DA:23,0
DA:25,2
DA:26,0
DA:28,2
LF:10
LH:7
BRF:0
BRH:0
end_of_record
TN:
SF:/Users/alisson/Fontes/pinkbit/pinkseed/App/Redux/index.js
FN:5,(anonymous_0)
FNF:1
FNH:1
FNDA:2,(anonymous_0)
DA:7,2
DA:12,2
LF:2
LH:2
BRF:0
BRH:0
end_of_record
TN:
SF:/Users/alisson/Fontes/pinkbit/pinkseed/App/Sagas/SampleSagas.js
FN:3,helloWorld
FNF:1
FNH:0
FNDA:0,helloWorld
DA:5,0
LF:1
LH:0
BRF:0
BRH:0
end_of_record
TN:
SF:/Users/alisson/Fontes/pinkbit/pinkseed/App/Sagas/index.js
FN:19,root
FNF:1
FNH:1
FNDA:2,root
DA:20,2
LF:1
LH:1
BRF:0
BRH:0
end_of_record
TN:
SF:/Users/alisson/Fontes/pinkbit/pinkseed/App/Theme/Metrics.js
FNF:0
FNH:0
DA:3,2
DA:6,2
LF:2
LH:2
BRDA:16,0,0,2
BRDA:16,0,1,0
BRDA:17,1,0,2
BRDA:17,1,1,0
BRDA:18,2,0,2
BRDA:18,2,1,0
BRF:6
BRH:3
end_of_record
